Корабль Duncan теперь находиться у 1-го причала
----------------------------------------
Корабль Titanic теперь находиться у 2-го причала
----------------------------------------
Корабль Victory теперь находиться у 3-го причала
----------------------------------------
Корабль Jupiter теперь находиться у 4-го причала
----------------------------------------
СТАТУС РЕЙДА:
На рейде нет кораблей
----------------------------------------
СОСТОЯНИЕ ПОРТА:
1-й причал занят кораблем Duncan
2-й причал занят кораблем Titanic
3-й причал занят кораблем Victory
4-й причал занят кораблем Jupiter
5-й причал свободен
----------------------------------------
Корабль Europe теперь находиться у 5-го причала
----------------------------------------
Свободных причалов нет!
Корабль Voayger отправился на рейд
----------------------------------------
Свободных причалов нет!
Корабль Holland отправился на рейд
----------------------------------------
Свободных причалов нет!
Корабль Victoria отправился на рейд
----------------------------------------
СТАТУС РЕЙДА:
Корабли на рейде:
1. Voayger
2. Holland
3. Victoria
----------------------------------------
СОСТОЯНИЕ ПОРТА:
1-й причал занят кораблем Duncan
2-й причал занят кораблем Titanic
3-й причал занят кораблем Victory
4-й причал занят кораблем Jupiter
5-й причал занят кораблем Europe
----------------------------------------
Причал номер 5 освободился
Корабль Voayger теперь у причала номер 5
----------------------------------------
СТАТУС РЕЙДА:
Корабли на рейде:
1. Holland
2. Victoria
----------------------------------------
СОСТОЯНИЕ ПОРТА:
1-й причал занят кораблем Duncan
2-й причал занят кораблем Titanic
3-й причал занят кораблем Victory
4-й причал занят кораблем Jupiter
5-й причал занят кораблем Voayger
----------------------------------------
Свободных причалов нет!
Корабль Gitter отправился на рейд
----------------------------------------
Свободных причалов нет!
Корабль Jacob отправился на рейд
----------------------------------------
Свободных причалов нет!
Корабль Earth отправился на рейд
----------------------------------------
Свободных причалов нет!
Корабль Saturn отправился на рейд
----------------------------------------
СТАТУС РЕЙДА:
Корабли на рейде:
1. Holland
2. Victoria
3. Gitter
4. Jacob
5. Earth
6. Saturn
----------------------------------------
СОСТОЯНИЕ ПОРТА:
1-й причал занят кораблем Duncan
2-й причал занят кораблем Titanic
3-й причал занят кораблем Victory
4-й причал занят кораблем Jupiter
5-й причал занят кораблем Voayger
----------------------------------------
Причал номер 1 освободился
Корабль Holland теперь у причала номер 1
----------------------------------------
Причал номер 2 освободился
Корабль Victoria теперь у причала номер 2
----------------------------------------
Причал номер 3 освободился
Корабль Gitter теперь у причала номер 3
----------------------------------------
СОСТОЯНИЕ ПОРТА:
1-й причал занят кораблем Holland
2-й причал занят кораблем Victoria
3-й причал занят кораблем Gitter
4-й причал занят кораблем Jupiter
5-й причал занят кораблем Voayger
----------------------------------------
СТАТУС РЕЙДА:
Корабли на рейде:
1. Jacob
2. Earth
3. Saturn
----------------------------------------
Причал номер 4 освободился
Корабль Jacob теперь у причала номер 4
----------------------------------------
СОСТОЯНИЕ ПОРТА:
1-й причал занят кораблем Holland
2-й причал занят кораблем Victoria
3-й причал занят кораблем Gitter
4-й причал занят кораблем Jacob
5-й причал занят кораблем Voayger
----------------------------------------
СТАТУС РЕЙДА:
Корабли на рейде:
1. Earth
2. Saturn
----------------------------------------
Причал номер 5 освободился
Корабль Earth теперь у причала номер 5
----------------------------------------
Причал номер 4 освободился
Корабль Saturn теперь у причала номер 4
----------------------------------------
Причал номер 3 освободился
----------------------------------------
Причал номер 1 освободился
----------------------------------------
Причал номер 2 освободился
----------------------------------------
Причал номер 5 освободился
----------------------------------------
СТАТУС РЕЙДА:
На рейде нет кораблей
----------------------------------------
СОСТОЯНИЕ ПОРТА:
1-й причал свободен
2-й причал свободен
3-й причал свободен
4-й причал занят кораблем Saturn
5-й причал свободен
----------------------------------------
